bg targets: 12
  - bg_M1 (new / M1)
  - bg_M5 (new / M5)
  - bg_M6 (new / M6)
  - bg_M7 (new / M7)
  - bg_M8 (new / M8)
  - bg_M10 (new / M10)
  - bg_M13 (new / M13)
  - bg_M14 (new / M14)
  - bg_M15 (new / M15)
  - bg_06 (fix / M4)
  - bg_07 (fix / M9)
  - bg_01 (redo / M3)
[1/12] bg_M1 (new, mission M1)
  [bg_M1] already delivered — skip
[2/12] bg_M5 (new, mission M5)
  [bg_M5] already delivered — skip
[3/12] bg_M6 (new, mission M6)
  [bg_M6] already delivered — skip
[4/12] bg_M7 (new, mission M7)
  [bg_M7] already delivered — skip
[5/12] bg_M8 (new, mission M8)
  [bg_M8] already delivered — skip
[6/12] bg_M10 (new, mission M10)
  [bg_M10] already delivered — skip
[7/12] bg_M13 (new, mission M13)
  [bg_M13] already delivered — skip
[8/12] bg_M14 (new, mission M14)
  [bg_M14] already delivered — skip
[9/12] bg_M15 (new, mission M15)
  [bg_M15] already delivered — skip
[10/12] bg_06 (fix, mission M4)
  [bg_06] attempt 1 — Veo submit
  [bg_06] PASS (a1) -> bg_06.mp4
[11/12] bg_07 (fix, mission M9)
  [bg_07] attempt 1 — Veo submit
  [bg_07] PASS (a1) -> bg_07.mp4
[12/12] bg_01 (redo, mission M3)
  [bg_01] attempt 1 — Veo submit
  [bg_01] PASS (a1) -> bg_01.mp4

done in 227s. delivered=12 flagged=0 errors=0
