scenery enumeration debate on 15 missions
    round 1/8 ok  (va=543c vb=266c mod=249c)
    round 2/8 ok  (va=212c vb=186c mod=107c)
    round 3/8 ok  (va=189c vb=204c mod=155c)
    round 4/8 ok  (va=189c vb=185c mod=103c)
    round 5/8 ok  (va=189c vb=202c mod=164c)
    round 6/8 ok  (va=189c vb=178c mod=101c)
    round 7/8 ok  (va=189c vb=178c mod=136c)
    round 8/8 ok  (va=189c vb=178c mod=373c)
    saved: C:\Users\azril\OneDrive\Desktop\fincail_game\new\pipeline\debates\scenery\set_manager_scenery_M1.json
  [M1] decision=pass flag=False (55s)
    round 1/8 ok  (va=938c vb=423c mod=216c)
    round 2/8 ok  (va=205c vb=322c mod=178c)
    round 3/8 ok  (va=206c vb=258c mod=270c)
    round 4/8 ok  (va=206c vb=258c mod=113c)
    round 5/8 ok  (va=206c vb=258c mod=205c)
    round 6/8 ok  (va=206c vb=258c mod=127c)
    round 7/8 ok  (va=206c vb=258c mod=116c)
    round 8/8 ok  (va=206c vb=258c mod=377c)
    saved: C:\Users\azril\OneDrive\Desktop\fincail_game\new\pipeline\debates\scenery\set_manager_scenery_M2.json
  [M2] decision=pass flag=False (54s)
    round 1/8 ok  (va=734c vb=256c mod=195c)
    round 2/8 ok  (va=734c vb=295c mod=253c)
    round 3/8 ok  (va=856c vb=288c mod=138c)
    round 4/8 ok  (va=800c vb=266c mod=194c)
    round 5/8 ok  (va=800c vb=266c mod=229c)
    round 6/8 ok  (va=800c vb=266c mod=227c)
    round 7/8 ok  (va=800c vb=266c mod=248c)
    round 8/8 ok  (va=800c vb=266c mod=454c)
    saved: C:\Users\azril\OneDrive\Desktop\fincail_game\new\pipeline\debates\scenery\set_manager_scenery_M3.json
  [M3] decision=pass flag=False (65s)
    round 1/8 ok  (va=500c vb=498c mod=148c)
    round 2/8 ok  (va=157c vb=338c mod=106c)
    round 3/8 ok  (va=143c vb=242c mod=143c)
    round 4/8 ok  (va=143c vb=293c mod=168c)
    round 5/8 ok  (va=143c vb=314c mod=90c)
    round 6/8 ok  (va=143c vb=312c mod=124c)
    round 7/8 ok  (va=143c vb=329c mod=129c)
    round 8/8 ok  (va=189c vb=356c mod=386c)
    saved: C:\Users\azril\OneDrive\Desktop\fincail_game\new\pipeline\debates\scenery\set_manager_scenery_M4.json
  [M4] decision=pass flag=False (57s)
    round 1/8 ok  (va=636c vb=198c mod=122c)
    round 2/8 ok  (va=636c vb=171c mod=167c)
    round 3/8 ok  (va=636c vb=166c mod=134c)
    round 4/8 ok  (va=636c vb=166c mod=240c)
    round 5/8 ok  (va=636c vb=166c mod=235c)
    round 6/8 ok  (va=636c vb=166c mod=186c)
    round 7/8 ok  (va=636c vb=223c mod=168c)
    round 8/8 ok  (va=636c vb=166c mod=254c)
    saved: C:\Users\azril\OneDrive\Desktop\fincail_game\new\pipeline\debates\scenery\set_manager_scenery_M5.json
  [M5] decision=pass flag=False (57s)
    round 1/8 ok  (va=911c vb=244c mod=152c)
    round 2/8 ok  (va=167c vb=200c mod=135c)
    round 3/8 ok  (va=167c vb=189c mod=138c)
    round 4/8 ok  (va=167c vb=275c mod=118c)
    round 5/8 ok  (va=167c vb=227c mod=150c)
    round 6/8 ok  (va=167c vb=277c mod=114c)
    round 7/8 ok  (va=167c vb=252c mod=109c)
    round 8/8 ok  (va=167c vb=252c mod=340c)
    saved: C:\Users\azril\OneDrive\Desktop\fincail_game\new\pipeline\debates\scenery\set_manager_scenery_M6.json
  [M6] decision=pass flag=False (58s)
    round 1/8 ok  (va=827c vb=225c mod=225c)
    round 2/8 ok  (va=342c vb=196c mod=166c)
    round 3/8 ok  (va=373c vb=193c mod=119c)
    round 4/8 ok  (va=376c vb=218c mod=115c)
    round 5/8 ok  (va=401c vb=223c mod=103c)
    round 6/8 ok  (va=401c vb=225c mod=156c)
    round 7/8 ok  (va=401c vb=231c mod=166c)
    round 8/8 ok  (va=401c vb=279c mod=245c)
    saved: C:\Users\azril\OneDrive\Desktop\fincail_game\new\pipeline\debates\scenery\set_manager_scenery_M7.json
  [M7] decision=pass flag=False (61s)
    round 1/8 ok  (va=719c vb=279c mod=103c)
    round 2/8 ok  (va=11c vb=279c mod=175c)
    round 3/8 ok  (va=177c vb=241c mod=124c)
    round 4/8 ok  (va=226c vb=225c mod=198c)
    round 5/8 ok  (va=226c vb=225c mod=127c)
    round 6/8 ok  (va=226c vb=225c mod=147c)
    round 7/8 ok  (va=226c vb=225c mod=142c)
    round 8/8 ok  (va=869c vb=225c mod=478c)
    saved: C:\Users\azril\OneDrive\Desktop\fincail_game\new\pipeline\debates\scenery\set_manager_scenery_M8.json
  [M8] decision=pass flag=False (59s)
    round 1/8 ok  (va=932c vb=375c mod=191c)
    round 2/8 ok  (va=211c vb=175c mod=126c)
    round 3/8 ok  (va=926c vb=291c mod=145c)
    round 4/8 ok  (va=926c vb=323c mod=185c)
    round 5/8 ok  (va=926c vb=299c mod=216c)
    round 6/8 ok  (va=333c vb=302c mod=81c)
    round 7/8 ok  (va=333c vb=302c mod=94c)
    round 8/8 ok  (va=333c vb=302c mod=307c)
    saved: C:\Users\azril\OneDrive\Desktop\fincail_game\new\pipeline\debates\scenery\set_manager_scenery_M9.json
  [M9] decision=pass flag=False (72s)
    round 1/8 ok  (va=905c vb=264c mod=216c)
    round 2/8 ok  (va=384c vb=208c mod=140c)
    round 3/8 ok  (va=285c vb=185c mod=233c)
    round 4/8 ok  (va=286c vb=185c mod=104c)
    round 5/8 ok  (va=286c vb=181c mod=140c)
    round 6/8 ok  (va=286c vb=180c mod=123c)
    round 7/8 ok  (va=332c vb=179c mod=105c)
    round 8/8 ok  (va=332c vb=180c mod=345c)
    saved: C:\Users\azril\OneDrive\Desktop\fincail_game\new\pipeline\debates\scenery\set_manager_scenery_M10.json
  [M10] decision=pass flag=False (54s)
    round 1/8 ok  (va=830c vb=303c mod=213c)
    round 2/8 ok  (va=196c vb=321c mod=167c)
    round 3/8 ok  (va=196c vb=290c mod=134c)
    round 4/8 ok  (va=196c vb=287c mod=195c)
    round 5/8 ok  (va=196c vb=335c mod=90c)
    round 6/8 ok  (va=214c vb=320c mod=90c)
    round 7/8 ok  (va=214c vb=320c mod=147c)
    round 8/8 ok  (va=214c vb=320c mod=351c)
    saved: C:\Users\azril\OneDrive\Desktop\fincail_game\new\pipeline\debates\scenery\set_manager_scenery_M11.json
  [M11] decision=pass flag=False (57s)
    round 1/8 ok  (va=736c vb=256c mod=121c)
    round 2/8 ok  (va=910c vb=205c mod=177c)
    round 3/8 ok  (va=169c vb=117c mod=130c)
    round 4/8 ok  (va=102c vb=125c mod=86c)
    round 5/8 ok  (va=170c vb=168c mod=138c)
    round 6/8 ok  (va=190c vb=179c mod=121c)
    round 7/8 ok  (va=189c vb=168c mod=130c)
    round 8/8 ok  (va=170c vb=184c mod=288c)
    saved: C:\Users\azril\OneDrive\Desktop\fincail_game\new\pipeline\debates\scenery\set_manager_scenery_M12.json
  [M12] decision=pass flag=False (51s)
    round 1/8 ok  (va=702c vb=308c mod=194c)
    round 2/8 ok  (va=241c vb=218c mod=106c)
    round 3/8 ok  (va=241c vb=185c mod=158c)
    round 4/8 ok  (va=241c vb=263c mod=185c)
    round 5/8 ok  (va=241c vb=242c mod=224c)
    round 6/8 ok  (va=241c vb=229c mod=169c)
    round 7/8 ok  (va=241c vb=257c mod=178c)
    round 8/8 ok  (va=214c vb=234c mod=351c)
    saved: C:\Users\azril\OneDrive\Desktop\fincail_game\new\pipeline\debates\scenery\set_manager_scenery_M13.json
  [M13] decision=pass flag=False (54s)
    round 1/8 ok  (va=841c vb=284c mod=125c)
    round 2/8 ok  (va=841c vb=284c mod=108c)
    round 3/8 ok  (va=912c vb=214c mod=76c)
    round 4/8 ok  (va=912c vb=261c mod=240c)
    round 5/8 ok  (va=912c vb=253c mod=189c)
    round 6/8 ok  (va=912c vb=297c mod=193c)
    round 7/8 ok  (va=912c vb=266c mod=181c)
    round 8/8 ok  (va=912c vb=253c mod=514c)
    saved: C:\Users\azril\OneDrive\Desktop\fincail_game\new\pipeline\debates\scenery\set_manager_scenery_M14.json
  [M14] decision=pass flag=False (71s)
    round 1/8 ok  (va=509c vb=319c mod=149c)
    round 2/8 ok  (va=383c vb=264c mod=255c)
    round 3/8 ok  (va=934c vb=379c mod=267c)
    round 4/8 ok  (va=755c vb=253c mod=150c)
    round 5/8 ok  (va=755c vb=311c mod=232c)
    round 6/8 ok  (va=779c vb=331c mod=176c)
    round 7/8 ok  (va=779c vb=317c mod=192c)
    round 8/8 ok  (va=779c vb=317c mod=427c)
    saved: C:\Users\azril\OneDrive\Desktop\fincail_game\new\pipeline\debates\scenery\set_manager_scenery_M15.json
  [M15] decision=pass flag=False (69s)
done. total=896s. plan saved: C:\Users\azril\OneDrive\Desktop\fincail_game\new\pipeline\debates\scenery\_scenery_plan.json
