[01/45] מצנח_מ01  (elapsed 0s)
    round 1/8 ok  (va=382c vb=334c mod=273c)
    round 2/8 ok  (va=365c vb=379c mod=246c)
    round 3/8 ok  (va=362c vb=359c mod=243c)
    round 4/8 ok  (va=430c vb=350c mod=253c)
    round 5/8 ok  (va=417c vb=336c mod=228c)
    round 6/8 ok  (va=438c vb=395c mod=251c)
    round 7/8 ok  (va=352c vb=355c mod=294c)
    round 8/8 ok  (va=399c vb=367c mod=595c)
    saved: C:\Users\azril\OneDrive\Desktop\fincail_game\new\pipeline\debates\production_designer_מצנח_מ01.json
[02/45] skip (exists): גלשן_מ01
[03/45] כנפיים_מ01  (elapsed 112s)
    round 1/8 ok  (va=512c vb=405c mod=208c)
    round 2/8 ok  (va=383c vb=385c mod=174c)
    round 3/8 ok  (va=376c vb=390c mod=191c)
    round 4/8 ok  (va=369c vb=367c mod=194c)
    round 5/8 ok  (va=272c vb=345c mod=236c)
    round 6/8 ok  (va=342c vb=394c mod=248c)
    round 7/8 ok  (va=338c vb=398c mod=281c)
    round 8/8 ok  (va=385c vb=408c mod=495c)
    saved: C:\Users\azril\OneDrive\Desktop\fincail_game\new\pipeline\debates\production_designer_כנפיים_מ01.json
[04/45] ברזנט_מ02  (elapsed 228s)
    round 1/8 ok  (va=346c vb=350c mod=218c)
    round 2/8 ok  (va=287c vb=394c mod=202c)
    round 3/8 ok  (va=353c vb=418c mod=265c)
    round 4/8 ok  (va=314c vb=410c mod=217c)
    round 5/8 ok  (va=321c vb=346c mod=223c)
    round 6/8 ok  (va=302c vb=361c mod=269c)
    round 7/8 ok  (va=324c vb=383c mod=266c)
    round 8/8 ok  (va=309c vb=413c mod=527c)
    saved: C:\Users\azril\OneDrive\Desktop\fincail_game\new\pipeline\debates\production_designer_ברזנט_מ02.json
[05/45] פטיש_מ02  (elapsed 355s)
    round 1/8 ok  (va=365c vb=361c mod=232c)
    round 2/8 ok  (va=391c vb=369c mod=210c)
    round 3/8 ok  (va=352c vb=378c mod=211c)
    round 4/8 ok  (va=366c vb=444c mod=221c)
    round 5/8 ok  (va=430c vb=412c mod=252c)
    round 6/8 ok  (va=427c vb=443c mod=264c)
    round 7/8 ok  (va=474c vb=379c mod=271c)
    round 8/8 ok  (va=454c vb=409c mod=414c)
    saved: C:\Users\azril\OneDrive\Desktop\fincail_game\new\pipeline\debates\production_designer_פטיש_מ02.json
[06/45] אוהל_מ02  (elapsed 473s)
    round 1/8 ok  (va=303c vb=346c mod=214c)
    round 2/8 ok  (va=425c vb=377c mod=208c)
    round 3/8 ok  (va=425c vb=408c mod=219c)
    round 4/8 ok  (va=303c vb=361c mod=186c)
    round 5/8 ok  (va=423c vb=391c mod=294c)
    round 6/8 ok  (va=415c vb=385c mod=207c)
    round 7/8 ok  (va=415c vb=395c mod=294c)
    round 8/8 ok  (va=335c vb=376c mod=412c)
    saved: C:\Users\azril\OneDrive\Desktop\fincail_game\new\pipeline\debates\production_designer_אוהל_מ02.json
[07/45] מפה_מ03  (elapsed 587s)
    round 1/8 ok  (va=218c vb=350c mod=226c)
    round 2/8 ok  (va=362c vb=338c mod=189c)
    round 3/8 ok  (va=371c vb=362c mod=259c)
    round 4/8 ok  (va=375c vb=398c mod=216c)
    round 5/8 ok  (va=360c vb=355c mod=183c)
    round 6/8 ok  (va=399c vb=355c mod=224c)
    round 7/8 ok  (va=530c vb=406c mod=204c)
    round 8/8 ok  (va=485c vb=382c mod=632c)
    saved: C:\Users\azril\OneDrive\Desktop\fincail_game\new\pipeline\debates\production_designer_מפה_מ03.json
[08/45] משקפת_מ03  (elapsed 700s)
    round 1/8 ok  (va=598c vb=531c mod=289c)
    round 2/8 ok  (va=268c vb=488c mod=188c)
    round 3/8 ok  (va=442c vb=481c mod=244c)
    round 4/8 ok  (va=336c vb=387c mod=228c)
    round 5/8 ok  (va=338c vb=397c mod=195c)
    round 6/8 ok  (va=376c vb=374c mod=244c)
    round 7/8 ok  (va=364c vb=463c mod=203c)
    round 8/8 ok  (va=303c vb=413c mod=486c)
    saved: C:\Users\azril\OneDrive\Desktop\fincail_game\new\pipeline\debates\production_designer_משקפת_מ03.json
[09/45] מפתח_מ03  (elapsed 825s)
    round 1/8 ok  (va=252c vb=284c mod=196c)
    round 2/8 ok  (va=434c vb=426c mod=198c)
    round 3/8 ok  (va=453c vb=383c mod=182c)
    round 4/8 ok  (va=388c vb=363c mod=191c)
    round 5/8 ok  (va=357c vb=381c mod=185c)
    round 6/8 ok  (va=276c vb=344c mod=199c)
    round 7/8 ok  (va=420c vb=349c mod=212c)
    round 8/8 ok  (va=417c vb=408c mod=477c)
    saved: C:\Users\azril\OneDrive\Desktop\fincail_game\new\pipeline\debates\production_designer_מפתח_מ03.json
[10/45] קרשים_מ04  (elapsed 931s)
    round 1/8 ok  (va=461c vb=360c mod=204c)
    round 2/8 ok  (va=330c vb=366c mod=215c)
    round 3/8 ok  (va=401c vb=356c mod=215c)
    round 4/8 ok  (va=392c vb=423c mod=235c)
    round 5/8 ok  (va=294c vb=433c mod=233c)
    round 6/8 ok  (va=356c vb=346c mod=198c)
    round 7/8 ok  (va=346c vb=347c mod=215c)
    round 8/8 ok  (va=344c vb=386c mod=502c)
    saved: C:\Users\azril\OneDrive\Desktop\fincail_game\new\pipeline\debates\production_designer_קרשים_מ04.json
[11/45] רתמה_מ04  (elapsed 1042s)
    round 1/8 ok  (va=232c vb=375c mod=220c)
    round 2/8 ok  (va=299c vb=439c mod=246c)
    round 3/8 ok  (va=445c vb=445c mod=242c)
    round 4/8 ok  (va=363c vb=383c mod=230c)
    round 5/8 ok  (va=382c vb=373c mod=242c)
    round 6/8 ok  (va=324c vb=409c mod=192c)
    round 7/8 ok  (va=374c vb=485c mod=254c)
    round 8/8 ok  (va=311c vb=400c mod=417c)
    saved: C:\Users\azril\OneDrive\Desktop\fincail_game\new\pipeline\debates\production_designer_רתמה_מ04.json
[12/45] רובה_חבלים_מ04  (elapsed 1165s)
    round 1/8 ok  (va=300c vb=453c mod=215c)
    round 2/8 ok  (va=406c vb=389c mod=256c)
    round 3/8 ok  (va=457c vb=432c mod=230c)
    round 4/8 ok  (va=351c vb=353c mod=231c)
    round 5/8 ok  (va=376c vb=412c mod=201c)
    round 6/8 ok  (va=351c vb=380c mod=231c)
    round 7/8 ok  (va=399c vb=416c mod=270c)
    round 8/8 ok  (va=326c vb=446c mod=580c)
    saved: C:\Users\azril\OneDrive\Desktop\fincail_game\new\pipeline\debates\production_designer_רובה_חבלים_מ04.json
[13/45] פנס_עוצמתי_מ05  (elapsed 1297s)
    round 1/8 ok  (va=792c vb=395c mod=185c)
    round 2/8 ok  (va=676c vb=347c mod=235c)
    round 3/8 ok  (va=395c vb=346c mod=192c)
    round 4/8 ok  (va=433c vb=377c mod=284c)
    round 5/8 ok  (va=482c vb=315c mod=208c)
    round 6/8 ok  (va=382c vb=320c mod=251c)
    round 7/8 ok  (va=385c vb=385c mod=257c)
    round 8/8 ok  (va=418c vb=382c mod=414c)
    saved: C:\Users\azril\OneDrive\Desktop\fincail_game\new\pipeline\debates\production_designer_פנס_עוצמתי_מ05.json
[14/45] רשת_מ05  (elapsed 1416s)
    round 1/8 ok  (va=251c vb=311c mod=185c)
    round 2/8 ok  (va=316c vb=373c mod=211c)
    round 3/8 ok  (va=277c vb=353c mod=189c)
    round 4/8 ok  (va=329c vb=351c mod=234c)
    round 5/8 ok  (va=344c vb=350c mod=249c)
    round 6/8 ok  (va=350c vb=300c mod=222c)
    round 7/8 ok  (va=312c vb=393c mod=187c)
    round 8/8 ok  (va=312c vb=411c mod=428c)
    saved: C:\Users\azril\OneDrive\Desktop\fincail_game\new\pipeline\debates\production_designer_רשת_מ05.json
[15/45] לפיד_מ05  (elapsed 1531s)
    round 1/8 ok  (va=432c vb=363c mod=196c)
    round 2/8 ok  (va=329c vb=370c mod=217c)
    round 3/8 ok  (va=356c vb=357c mod=286c)
    round 4/8 ok  (va=451c vb=377c mod=187c)
    round 5/8 ok  (va=342c vb=422c mod=246c)
    round 6/8 ok  (va=423c vb=401c mod=213c)
    round 7/8 ok  (va=379c vb=492c mod=254c)
    round 8/8 ok  (va=304c vb=365c mod=459c)
    saved: C:\Users\azril\OneDrive\Desktop\fincail_game\new\pipeline\debates\production_designer_לפיד_מ05.json
[16/45] גריקן_מ06  (elapsed 1650s)
    round 1/8 ok  (va=422c vb=338c mod=205c)
    round 2/8 ok  (va=421c vb=362c mod=269c)
    round 3/8 ok  (va=432c vb=378c mod=232c)
    round 4/8 ok  (va=353c vb=424c mod=216c)
    round 5/8 ok  (va=372c vb=381c mod=230c)
    round 6/8 ok  (va=361c vb=425c mod=267c)
    round 7/8 ok  (va=401c vb=418c mod=265c)
    round 8/8 ok  (va=292c vb=332c mod=594c)
    saved: C:\Users\azril\OneDrive\Desktop\fincail_game\new\pipeline\debates\production_designer_גריקן_מ06.json
[17/45] ערכה_מ06  (elapsed 1766s)
    round 1/8 ok  (va=366c vb=466c mod=267c)
    round 2/8 ok  (va=293c vb=454c mod=181c)
    round 3/8 ok  (va=432c vb=486c mod=206c)
    round 4/8 ok  (va=298c vb=430c mod=250c)
    round 5/8 ok  (va=382c vb=403c mod=286c)
    round 6/8 ok  (va=340c vb=378c mod=274c)
    round 7/8 ok  (va=387c vb=503c mod=261c)
    round 8/8 ok  (va=438c vb=506c mod=517c)
    saved: C:\Users\azril\OneDrive\Desktop\fincail_game\new\pipeline\debates\production_designer_ערכה_מ06.json
[18/45] אופניים_מ06  (elapsed 1899s)
    round 1/8 ok  (va=336c vb=267c mod=242c)
    round 2/8 ok  (va=316c vb=329c mod=198c)
    round 3/8 ok  (va=312c vb=347c mod=249c)
    round 4/8 ok  (va=302c vb=386c mod=205c)
    round 5/8 ok  (va=311c vb=403c mod=313c)
    round 6/8 ok  (va=322c vb=331c mod=185c)
    round 7/8 ok  (va=311c vb=365c mod=208c)
    round 8/8 ok  (va=307c vb=392c mod=574c)
    saved: C:\Users\azril\OneDrive\Desktop\fincail_game\new\pipeline\debates\production_designer_אופניים_מ06.json
[19/45] דגל_מ07  (elapsed 2022s)
    round 1/8 ok  (va=321c vb=337c mod=209c)
    round 2/8 ok  (va=392c vb=270c mod=228c)
    round 3/8 ok  (va=324c vb=367c mod=214c)
    round 4/8 ok  (va=291c vb=361c mod=281c)
    round 5/8 ok  (va=285c vb=366c mod=219c)
    round 6/8 ok  (va=365c vb=405c mod=194c)
    round 7/8 ok  (va=350c vb=373c mod=225c)
    round 8/8 ok  (va=443c vb=433c mod=415c)
    saved: C:\Users\azril\OneDrive\Desktop\fincail_game\new\pipeline\debates\production_designer_דגל_מ07.json
[20/45] פריסקופ_מ07  (elapsed 2134s)
    round 1/8 ok  (va=250c vb=355c mod=210c)
    round 2/8 ok  (va=387c vb=355c mod=191c)
    round 3/8 ok  (va=375c vb=327c mod=247c)
    round 4/8 ok  (va=258c vb=379c mod=197c)
    round 5/8 ok  (va=266c vb=366c mod=241c)
    round 6/8 ok  (va=266c vb=399c mod=217c)
    round 7/8 ok  (va=251c vb=387c mod=217c)
    round 8/8 ok  (va=289c vb=338c mod=547c)
    saved: C:\Users\azril\OneDrive\Desktop\fincail_game\new\pipeline\debates\production_designer_פריסקופ_מ07.json
[21/45] לום_מ07  (elapsed 2241s)
    round 1/8 ok  (va=256c vb=374c mod=201c)
    round 2/8 ok  (va=277c vb=392c mod=221c)
    round 3/8 ok  (va=292c vb=360c mod=286c)
    round 4/8 ok  (va=330c vb=386c mod=292c)
    round 5/8 ok  (va=284c vb=415c mod=224c)
    round 6/8 ok  (va=286c vb=425c mod=247c)
    round 7/8 ok  (va=307c vb=441c mod=236c)
    round 8/8 ok  (va=286c vb=345c mod=550c)
    saved: C:\Users\azril\OneDrive\Desktop\fincail_game\new\pipeline\debates\production_designer_לום_מ07.json
[22/45] סולם_חבלים_מ08  (elapsed 2375s)
    round 1/8 ok  (va=842c vb=449c mod=276c)
    round 2/8 ok  (va=431c vb=442c mod=230c)
    round 3/8 ok  (va=400c vb=396c mod=221c)
    round 4/8 ok  (va=693c vb=427c mod=203c)
    round 5/8 ok  (va=350c vb=415c mod=240c)
    round 6/8 ok  (va=367c vb=376c mod=183c)
    round 7/8 ok  (va=294c vb=396c mod=191c)
    round 8/8 ok  (va=336c vb=390c mod=467c)
    saved: C:\Users\azril\OneDrive\Desktop\fincail_game\new\pipeline\debates\production_designer_סולם_חבלים_מ08.json
[23/45] חבל_קשרים_מ08  (elapsed 2501s)
    round 1/8 ok  (va=411c vb=380c mod=210c)
    round 2/8 ok  (va=272c vb=355c mod=181c)
    round 3/8 ok  (va=255c vb=394c mod=222c)
    round 4/8 ok  (va=299c vb=389c mod=248c)
    round 5/8 ok  (va=249c vb=437c mod=249c)
    round 6/8 ok  (va=236c vb=331c mod=279c)
    round 7/8 ok  (va=200c vb=295c mod=208c)
    round 8/8 ok  (va=214c vb=329c mod=481c)
    saved: C:\Users\azril\OneDrive\Desktop\fincail_game\new\pipeline\debates\production_designer_חבל_קשרים_מ08.json
[24/45] טפרי_טיפוס_מ08  (elapsed 2603s)
    round 1/8 ok  (va=210c vb=369c mod=215c)
    round 2/8 ok  (va=409c vb=434c mod=266c)
    round 3/8 ok  (va=403c vb=397c mod=202c)
    round 4/8 ok  (va=342c vb=409c mod=221c)
    round 5/8 ok  (va=313c vb=443c mod=295c)
    round 6/8 ok  (va=313c vb=348c mod=186c)
    round 7/8 ok  (va=345c vb=435c mod=245c)
    round 8/8 ok  (va=326c vb=442c mod=481c)
    saved: C:\Users\azril\OneDrive\Desktop\fincail_game\new\pipeline\debates\production_designer_טפרי_טיפוס_מ08.json
[25/45] שמן_מ09  (elapsed 2715s)
    round 1/8 ok  (va=377c vb=399c mod=270c)
    round 2/8 ok  (va=405c vb=423c mod=226c)
    round 3/8 ok  (va=423c vb=400c mod=181c)
    round 4/8 ok  (va=326c vb=364c mod=203c)
    round 5/8 ok  (va=394c vb=371c mod=191c)
    round 6/8 ok  (va=354c vb=442c mod=243c)
    round 7/8 ok  (va=334c vb=393c mod=308c)
    round 8/8 ok  (va=345c vb=379c mod=482c)
    saved: C:\Users\azril\OneDrive\Desktop\fincail_game\new\pipeline\debates\production_designer_שמן_מ09.json
[26/45] רב_כלי_מ09  (elapsed 2842s)
    round 1/8 ok  (va=500c vb=428c mod=185c)
    round 2/8 ok  (va=463c vb=459c mod=272c)
    round 3/8 ok  (va=742c vb=414c mod=232c)
    round 4/8 ok  (va=471c vb=466c mod=193c)
    round 5/8 ok  (va=296c vb=391c mod=212c)
    round 6/8 ok  (va=550c vb=423c mod=218c)
    round 7/8 ok  (va=416c vb=402c mod=216c)
    round 8/8 ok  (va=312c vb=428c mod=416c)
    saved: C:\Users\azril\OneDrive\Desktop\fincail_game\new\pipeline\debates\production_designer_רב_כלי_מ09.json
[27/45] מבער_מ09  (elapsed 2956s)
    round 1/8 ok  (va=861c vb=569c mod=205c)
    round 2/8 ok  (va=511c vb=497c mod=206c)
    round 3/8 ok  (va=417c vb=515c mod=287c)
    round 4/8 ok  (va=348c vb=425c mod=210c)
    round 5/8 ok  (va=303c vb=373c mod=204c)
    round 6/8 ok  (va=389c vb=530c mod=303c)
    round 7/8 ok  (va=291c vb=443c mod=197c)
    round 8/8 ok  (va=330c vb=390c mod=577c)
    saved: C:\Users\azril\OneDrive\Desktop\fincail_game\new\pipeline\debates\production_designer_מבער_מ09.json
[28/45] מצלמה_זעירה_מ10  (elapsed 3091s)
    round 1/8 ok  (va=730c vb=476c mod=200c)
    round 2/8 ok  (va=896c vb=489c mod=234c)
    round 3/8 ok  (va=388c vb=357c mod=249c)
    round 4/8 ok  (va=610c vb=448c mod=213c)
    round 5/8 ok  (va=482c vb=365c mod=219c)
    round 6/8 ok  (va=464c vb=379c mod=212c)
    round 7/8 ok  (va=483c vb=414c mod=218c)
    round 8/8 ok  (va=414c vb=473c mod=535c)
    saved: C:\Users\azril\OneDrive\Desktop\fincail_game\new\pipeline\debates\production_designer_מצלמה_זעירה_מ10.json
[29/45] שמיכה_מ10  (elapsed 3216s)
    round 1/8 ok  (va=307c vb=379c mod=203c)
    round 2/8 ok  (va=345c vb=370c mod=229c)
    round 3/8 ok  (va=339c vb=398c mod=231c)
    round 4/8 ok  (va=290c vb=410c mod=279c)
    round 5/8 ok  (va=268c vb=422c mod=197c)
    round 6/8 ok  (va=354c vb=513c mod=191c)
    round 7/8 ok  (va=343c vb=440c mod=255c)
    round 8/8 ok  (va=332c vb=461c mod=465c)
    saved: C:\Users\azril\OneDrive\Desktop\fincail_game\new\pipeline\debates\production_designer_שמיכה_מ10.json
[30/45] קאטר_מ10  (elapsed 3329s)
    round 1/8 ok  (va=317c vb=415c mod=214c)
    round 2/8 ok  (va=409c vb=384c mod=228c)
    round 3/8 ok  (va=425c vb=377c mod=215c)
    round 4/8 ok  (va=331c vb=374c mod=212c)
    round 5/8 ok  (va=341c vb=417c mod=227c)
    round 6/8 ok  (va=294c vb=379c mod=172c)
    round 7/8 ok  (va=319c vb=433c mod=260c)
    round 8/8 ok  (va=329c vb=402c mod=549c)
    saved: C:\Users\azril\OneDrive\Desktop\fincail_game\new\pipeline\debates\production_designer_קאטר_מ10.json
[31/45] סנפלינג_מ11  (elapsed 3445s)
    round 1/8 ok  (va=820c vb=384c mod=210c)
    round 2/8 ok  (va=298c vb=274c mod=220c)
    round 3/8 ok  (va=390c vb=391c mod=257c)
    round 4/8 ok  (va=309c vb=390c mod=228c)
    round 5/8 ok  (va=397c vb=416c mod=251c)
    round 6/8 ok  (va=358c vb=365c mod=205c)
    round 7/8 ok  (va=355c vb=356c mod=203c)
    round 8/8 ok  (va=353c vb=416c mod=586c)
    saved: C:\Users\azril\OneDrive\Desktop\fincail_game\new\pipeline\debates\production_designer_סנפלינג_מ11.json
[32/45] בנגי_מ11  (elapsed 3563s)
    round 1/8 ok  (va=257c vb=456c mod=231c)
    round 2/8 ok  (va=304c vb=380c mod=240c)
    round 3/8 ok  (va=364c vb=394c mod=287c)
    round 4/8 ok  (va=288c vb=363c mod=237c)
    round 5/8 ok  (va=314c vb=366c mod=206c)
    round 6/8 ok  (va=325c vb=401c mod=238c)
    round 7/8 ok  (va=371c vb=434c mod=223c)
    round 8/8 ok  (va=357c vb=437c mod=508c)
    saved: C:\Users\azril\OneDrive\Desktop\fincail_game\new\pipeline\debates\production_designer_בנגי_מ11.json
[33/45] מצנח_בסיס_מ11  (elapsed 3674s)
    round 1/8 ok  (va=829c vb=531c mod=226c)
    round 2/8 ok  (va=409c vb=409c mod=198c)
    round 3/8 ok  (va=374c vb=409c mod=230c)
    round 4/8 ok  (va=435c vb=435c mod=209c)
    round 5/8 ok  (va=418c vb=444c mod=190c)
    round 6/8 ok  (va=398c vb=379c mod=261c)
    round 7/8 ok  (va=425c vb=440c mod=256c)
    round 8/8 ok  (va=390c vb=398c mod=455c)
    saved: C:\Users\azril\OneDrive\Desktop\fincail_game\new\pipeline\debates\production_designer_מצנח_בסיס_מ11.json
[34/45] כרטיס_מ12  (elapsed 3792s)
    round 1/8 ok  (va=233c vb=344c mod=248c)
    round 2/8 ok  (va=303c vb=285c mod=232c)
    round 3/8 ok  (va=389c vb=355c mod=210c)
    round 4/8 ok  (va=309c vb=283c mod=194c)
    round 5/8 ok  (va=350c vb=264c mod=204c)
    round 6/8 ok  (va=314c vb=292c mod=224c)
    round 7/8 ok  (va=234c vb=338c mod=225c)
    round 8/8 ok  (va=348c vb=435c mod=549c)
    saved: C:\Users\azril\OneDrive\Desktop\fincail_game\new\pipeline\debates\production_designer_כרטיס_מ12.json
[35/45] מצלמה_פלאש_מ12  (elapsed 3892s)
    round 1/8 ok  (va=477c vb=368c mod=325c)
    round 2/8 ok  (va=608c vb=345c mod=240c)
    round 3/8 ok  (va=499c vb=373c mod=243c)
    round 4/8 ok  (va=332c vb=357c mod=270c)
    round 5/8 ok  (va=369c vb=376c mod=222c)
    round 6/8 ok  (va=311c vb=388c mod=224c)
    round 7/8 ok  (va=332c vb=401c mod=209c)
    round 8/8 ok  (va=243c vb=374c mod=509c)
    saved: C:\Users\azril\OneDrive\Desktop\fincail_game\new\pipeline\debates\production_designer_מצלמה_פלאש_מ12.json
[36/45] לפיד_יד_מ12  (elapsed 4014s)
    round 1/8 ok  (va=340c vb=408c mod=205c)
    round 2/8 ok  (va=327c vb=450c mod=198c)
    round 3/8 ok  (va=385c vb=463c mod=264c)
    round 4/8 ok  (va=388c vb=411c mod=247c)
    round 5/8 ok  (va=311c vb=469c mod=280c)
    round 6/8 ok  (va=440c vb=437c mod=199c)
    round 7/8 ok  (va=334c vb=416c mod=250c)
    round 8/8 ok  (va=351c vb=356c mod=519c)
    saved: C:\Users\azril\OneDrive\Desktop\fincail_game\new\pipeline\debates\production_designer_לפיד_יד_מ12.json
[37/45] סרגל_מ13  (elapsed 4135s)
    round 1/8 ok  (va=518c vb=440c mod=224c)
    round 2/8 ok  (va=280c vb=387c mod=235c)
    round 3/8 ok  (va=314c vb=428c mod=214c)
    round 4/8 ok  (va=331c vb=426c mod=227c)
    round 5/8 ok  (va=315c vb=353c mod=272c)
    round 6/8 ok  (va=291c vb=321c mod=230c)
    round 7/8 ok  (va=314c vb=358c mod=224c)
    round 8/8 ok  (va=327c vb=346c mod=319c)
    saved: C:\Users\azril\OneDrive\Desktop\fincail_game\new\pipeline\debates\production_designer_סרגל_מ13.json
[38/45] מצפן_מ13  (elapsed 4245s)
    round 1/8 ok  (va=238c vb=394c mod=189c)
    round 2/8 ok  (va=319c vb=415c mod=227c)
    round 3/8 ok  (va=312c vb=361c mod=203c)
    round 4/8 ok  (va=302c vb=391c mod=274c)
    round 5/8 ok  (va=295c vb=423c mod=300c)
    round 6/8 ok  (va=377c vb=449c mod=197c)
    round 7/8 ok  (va=346c vb=513c mod=284c)
    round 8/8 ok  (va=264c vb=461c mod=464c)
    saved: C:\Users\azril\OneDrive\Desktop\fincail_game\new\pipeline\debates\production_designer_מצפן_מ13.json
[39/45] רחפן_מ13  (elapsed 4370s)
    round 1/8 ok  (va=467c vb=402c mod=194c)
    round 2/8 ok  (va=431c vb=445c mod=226c)
    round 3/8 ok  (va=384c vb=413c mod=193c)
    round 4/8 ok  (va=394c vb=472c mod=228c)
    round 5/8 ok  (va=392c vb=474c mod=312c)
    round 6/8 ok  (va=373c vb=454c mod=206c)
    round 7/8 ok  (va=336c vb=433c mod=306c)
    round 8/8 ok  (va=398c vb=465c mod=482c)
    saved: C:\Users\azril\OneDrive\Desktop\fincail_game\new\pipeline\debates\production_designer_רחפן_מ13.json
[40/45] מטבעות_מ14  (elapsed 4495s)
    round 1/8 ok  (va=699c vb=505c mod=201c)
    round 2/8 ok  (va=349c vb=363c mod=218c)
    round 3/8 ok  (va=284c vb=292c mod=205c)
    round 4/8 ok  (va=316c vb=298c mod=191c)
    round 5/8 ok  (va=344c vb=353c mod=278c)
    round 6/8 ok  (va=305c vb=288c mod=221c)
    round 7/8 ok  (va=315c vb=343c mod=220c)
    round 8/8 ok  (va=318c vb=273c mod=457c)
    saved: C:\Users\azril\OneDrive\Desktop\fincail_game\new\pipeline\debates\production_designer_מטבעות_מ14.json
[41/45] תיבה_מ14  (elapsed 4602s)
    round 1/8 ok  (va=333c vb=389c mod=211c)
    round 2/8 ok  (va=313c vb=404c mod=283c)
    round 3/8 ok  (va=273c vb=404c mod=236c)
    round 4/8 ok  (va=301c vb=439c mod=244c)
    round 5/8 ok  (va=287c vb=431c mod=228c)
    round 6/8 ok  (va=267c vb=414c mod=274c)
    round 7/8 ok  (va=231c vb=364c mod=225c)
    round 8/8 ok  (va=249c vb=338c mod=497c)
    saved: C:\Users\azril\OneDrive\Desktop\fincail_game\new\pipeline\debates\production_designer_תיבה_מ14.json
[42/45] כדור_בדולח_מ14  (elapsed 4719s)
    round 1/8 ok  (va=478c vb=447c mod=219c)
    round 2/8 ok  (va=322c vb=351c mod=217c)
    round 3/8 ok  (va=244c vb=293c mod=228c)
    round 4/8 ok  (va=253c vb=327c mod=193c)
    round 5/8 ok  (va=330c vb=357c mod=288c)
    round 6/8 ok  (va=332c vb=388c mod=272c)
    round 7/8 ok  (va=550c vb=353c mod=240c)
    round 8/8 ok  (va=464c vb=420c mod=557c)
    saved: C:\Users\azril\OneDrive\Desktop\fincail_game\new\pipeline\debates\production_designer_כדור_בדולח_מ14.json
[43/45] דגל_סיום_מ15  (elapsed 4836s)
    round 1/8 ok  (va=480c vb=352c mod=169c)
    round 2/8 ok  (va=392c vb=370c mod=165c)
    round 3/8 ok  (va=320c vb=345c mod=213c)
    round 4/8 ok  (va=290c vb=345c mod=171c)
    round 5/8 ok  (va=293c vb=327c mod=238c)
    round 6/8 ok  (va=301c vb=349c mod=214c)
    round 7/8 ok  (va=292c vb=388c mod=193c)
    round 8/8 ok  (va=298c vb=392c mod=530c)
    saved: C:\Users\azril\OneDrive\Desktop\fincail_game\new\pipeline\debates\production_designer_דגל_סיום_מ15.json
[44/45] מגאפון_מ15  (elapsed 4942s)
    round 1/8 ok  (va=531c vb=428c mod=195c)
    round 2/8 ok  (va=450c vb=423c mod=250c)
    round 3/8 ok  (va=418c vb=415c mod=281c)
    round 4/8 ok  (va=352c vb=425c mod=206c)
    round 5/8 ok  (va=365c vb=430c mod=200c)
    round 6/8 ok  (va=427c vb=373c mod=254c)
    round 7/8 ok  (va=381c vb=382c mod=291c)
    round 8/8 ok  (va=395c vb=417c mod=582c)
    saved: C:\Users\azril\OneDrive\Desktop\fincail_game\new\pipeline\debates\production_designer_מגאפון_מ15.json
[45/45] זיקוק_מ15  (elapsed 5059s)
    round 1/8 ok  (va=422c vb=365c mod=201c)
    round 2/8 ok  (va=426c vb=377c mod=204c)
    round 3/8 ok  (va=345c vb=359c mod=253c)
    round 4/8 ok  (va=288c vb=346c mod=249c)
    round 5/8 ok  (va=289c vb=391c mod=182c)
    round 6/8 ok  (va=282c vb=395c mod=232c)
    round 7/8 ok  (va=316c vb=415c mod=265c)
    round 8/8 ok  (va=348c vb=357c mod=445c)
    saved: C:\Users\azril\OneDrive\Desktop\fincail_game\new\pipeline\debates\production_designer_זיקוק_מ15.json

=== SUMMARY ===
total elapsed: 5165s
pass=0  fix=44  redo=1  flagged=24
flagged slugs: ['מצנח_מ01', 'כנפיים_מ01', 'ברזנט_מ02', 'פטיש_מ02', 'מפה_מ03', 'משקפת_מ03', 'מפתח_מ03', 'רתמה_מ04', 'רובה_חבלים_מ04', 'רשת_מ05', 'לפיד_מ05', 'ערכה_מ06', 'אופניים_מ06', 'פריסקופ_מ07', 'לום_מ07', 'סולם_חבלים_מ08', 'טפרי_טיפוס_מ08', 'רב_כלי_מ09', 'מצלמה_זעירה_מ10', 'בנגי_מ11', 'מצפן_מ13', 'רחפן_מ13', 'תיבה_מ14', 'דגל_סיום_מ15']
needs_fix_or_redo: ['מצנח_מ01', 'גלשן_מ01', 'כנפיים_מ01', 'ברזנט_מ02', 'פטיש_מ02', 'אוהל_מ02', 'מפה_מ03', 'משקפת_מ03', 'מפתח_מ03', 'קרשים_מ04', 'רתמה_מ04', 'רובה_חבלים_מ04', 'פנס_עוצמתי_מ05', 'רשת_מ05', 'לפיד_מ05', 'גריקן_מ06', 'ערכה_מ06', 'אופניים_מ06', 'דגל_מ07', 'פריסקופ_מ07', 'לום_מ07', 'סולם_חבלים_מ08', 'חבל_קשרים_מ08', 'טפרי_טיפוס_מ08', 'שמן_מ09', 'רב_כלי_מ09', 'מבער_מ09', 'מצלמה_זעירה_מ10', 'שמיכה_מ10', 'קאטר_מ10', 'סנפלינג_מ11', 'בנגי_מ11', 'מצנח_בסיס_מ11', 'כרטיס_מ12', 'מצלמה_פלאש_מ12', 'לפיד_יד_מ12', 'סרגל_מ13', 'מצפן_מ13', 'רחפן_מ13', 'מטבעות_מ14', 'תיבה_מ14', 'כדור_בדולח_מ14', 'דגל_סיום_מ15', 'מגאפון_מ15', 'זיקוק_מ15']
missing pngs: []
summary: C:\Users\azril\OneDrive\Desktop\fincail_game\new\pipeline\debates\_summary.json
