running director debate on 9 backgrounds
    round 1/8 ok  (va=603c vb=409c mod=223c)
    round 2/8 ok  (va=537c vb=193c mod=187c)
    round 3/8 ok  (va=583c vb=395c mod=227c)
    round 4/8 ok  (va=538c vb=338c mod=197c)
    round 5/8 ok  (va=451c vb=336c mod=174c)
    round 6/8 ok  (va=581c vb=174c mod=134c)
    round 7/8 ok  (va=429c vb=185c mod=149c)
    round 8/8 ok  (va=286c vb=178c mod=264c)
    saved: C:\Users\azril\OneDrive\Desktop\fincail_game\new\pipeline\debates\backgrounds\director_bg_bg_01.json
  [bg_01] decision=pass flag=False (112s)
  [bg_01] ERROR: 'NoneType' object is not subscriptable
    round 1/8 ok  (va=617c vb=833c mod=228c)
    round 2/8 ok  (va=408c vb=91c mod=219c)
    round 3/8 ok  (va=428c vb=13c mod=164c)
    round 4/8 ok  (va=367c vb=13c mod=100c)
    round 5/8 ok  (va=287c vb=13c mod=101c)
    round 6/8 ok  (va=252c vb=13c mod=120c)
    round 7/8 ok  (va=277c vb=13c mod=74c)
    round 8/8 ok  (va=331c vb=14c mod=429c)
    saved: C:\Users\azril\OneDrive\Desktop\fincail_game\new\pipeline\debates\backgrounds\director_bg_bg_02.json
  [bg_02] decision=pass flag=False (82s)
  [bg_02] ERROR: 'NoneType' object is not subscriptable
    round 1/8 ok  (va=610c vb=846c mod=207c)
    round 2/8 ok  (va=388c vb=208c mod=161c)
    round 3/8 ok  (va=427c vb=208c mod=210c)
    round 4/8 ok  (va=482c vb=163c mod=237c)
    round 5/8 ok  (va=351c vb=163c mod=134c)
    round 6/8 ok  (va=434c vb=163c mod=149c)
    round 7/8 ok  (va=583c vb=163c mod=135c)
    round 8/8 ok  (va=487c vb=163c mod=292c)
    saved: C:\Users\azril\OneDrive\Desktop\fincail_game\new\pipeline\debates\backgrounds\director_bg_bg_03.json
  [bg_03] decision=pass flag=False (105s)
  [bg_03] ERROR: 'NoneType' object is not subscriptable
    round 1/8 ok  (va=592c vb=840c mod=210c)
    round 2/8 ok  (va=358c vb=111c mod=170c)
    round 3/8 ok  (va=288c vb=132c mod=187c)
    round 4/8 ok  (va=305c vb=14c mod=164c)
    round 5/8 ok  (va=294c vb=13c mod=78c)
    round 6/8 ok  (va=204c vb=13c mod=97c)
    round 7/8 ok  (va=220c vb=13c mod=79c)
    round 8/8 ok  (va=257c vb=13c mod=313c)
    saved: C:\Users\azril\OneDrive\Desktop\fincail_game\new\pipeline\debates\backgrounds\director_bg_bg_04.json
  [bg_04] decision=pass flag=False (84s)
  [bg_04] ERROR: 'NoneType' object is not subscriptable
    round 1/8 ok  (va=580c vb=13c mod=185c)
    round 2/8 ok  (va=372c vb=213c mod=199c)
    round 3/8 ok  (va=462c vb=13c mod=174c)
    round 4/8 ok  (va=248c vb=13c mod=80c)
    round 5/8 ok  (va=251c vb=13c mod=95c)
    round 6/8 ok  (va=305c vb=13c mod=160c)
    round 7/8 ok  (va=470c vb=13c mod=208c)
    round 8/8 ok  (va=305c vb=14c mod=321c)
    saved: C:\Users\azril\OneDrive\Desktop\fincail_game\new\pipeline\debates\backgrounds\director_bg_bg_05.json
  [bg_05] decision=pass flag=False (82s)
  [bg_05] ERROR: 'NoneType' object is not subscriptable
    round 1/8 ok  (va=423c vb=315c mod=154c)
    round 2/8 ok  (va=401c vb=253c mod=200c)
    round 3/8 ok  (va=395c vb=13c mod=148c)
    round 4/8 ok  (va=483c vb=13c mod=161c)
    round 5/8 ok  (va=446c vb=13c mod=219c)
    round 6/8 ok  (va=249c vb=13c mod=170c)
    round 7/8 ok  (va=243c vb=13c mod=104c)
    round 8/8 ok  (va=197c vb=13c mod=526c)
    saved: C:\Users\azril\OneDrive\Desktop\fincail_game\new\pipeline\debates\backgrounds\director_bg_bg_06.json
  [bg_06] decision=fix flag=True (90s)
    round 1/8 ok  (va=570c vb=108c mod=194c)
    round 2/8 ok  (va=404c vb=108c mod=181c)
    round 3/8 ok  (va=395c vb=79c mod=142c)
    round 4/8 ok  (va=466c vb=79c mod=180c)
    round 5/8 ok  (va=385c vb=352c mod=221c)
    round 6/8 ok  (va=458c vb=346c mod=199c)
    round 7/8 ok  (va=498c vb=112c mod=154c)
    round 8/8 ok  (va=429c vb=112c mod=470c)
    saved: C:\Users\azril\OneDrive\Desktop\fincail_game\new\pipeline\debates\backgrounds\director_bg_bg_07.json
  [bg_07] decision=fix flag=True (92s)
    round 1/8 ok  (va=615c vb=13c mod=130c)
    round 2/8 ok  (va=343c vb=13c mod=141c)
    round 3/8 ok  (va=367c vb=13c mod=190c)
    round 4/8 ok  (va=443c vb=55c mod=197c)
    round 5/8 ok  (va=294c vb=13c mod=202c)
    round 6/8 ok  (va=321c vb=13c mod=112c)
    round 7/8 ok  (va=377c vb=13c mod=116c)
    round 8/8 ok  (va=379c vb=13c mod=346c)
    saved: C:\Users\azril\OneDrive\Desktop\fincail_game\new\pipeline\debates\backgrounds\director_bg_bg_08.json
  [bg_08] decision=pass flag=False (80s)
  [bg_08] ERROR: 'NoneType' object is not subscriptable
    round 1/8 ok  (va=629c vb=13c mod=175c)
    round 2/8 ok  (va=295c vb=61c mod=93c)
    round 3/8 ok  (va=212c vb=61c mod=156c)
    round 4/8 ok  (va=224c vb=62c mod=96c)
    round 5/8 ok  (va=188c vb=61c mod=68c)
    round 6/8 ok  (va=134c vb=61c mod=88c)
    round 7/8 ok  (va=134c vb=14c mod=119c)
    round 8/8 ok  (va=286c vb=13c mod=296c)
    saved: C:\Users\azril\OneDrive\Desktop\fincail_game\new\pipeline\debates\backgrounds\director_bg_bg_09.json
  [bg_09] decision=pass flag=False (63s)
  [bg_09] ERROR: 'NoneType' object is not subscriptable
done. total=789s. summary saved: C:\Users\azril\OneDrive\Desktop\fincail_game\new\pipeline\debates\backgrounds\_summary.json
