Found 45 prompt JSONs

[1/45] אוהל_מ02
  SKIP: already_approved

[2/45] אופניים_מ06
  -> ok

[3/45] בנגי_מ11
  -> ok

[4/45] ברזנט_מ02
  -> ok

[5/45] גלשן_מ01
  -> ok

[6/45] גריקן_מ06
  -> ok

[7/45] דגל_מ07
  -> ok

[8/45] דגל_סיום_מ15
  -> ok

[9/45] זיקוק_מ15
  -> ok

[10/45] חבל_קשרים_מ08
  -> ok

[11/45] טפרי_טיפוס_מ08
  -> ok

[12/45] כדור_בדולח_מ14
  -> ok

[13/45] כנפיים_מ01
  -> ok

[14/45] כרטיס_מ12
  -> ok

[15/45] לום_מ07
  -> ok

[16/45] לפיד_יד_מ12
  -> ok

[17/45] לפיד_מ05
  -> ok

[18/45] מבער_מ09
  -> ok

[19/45] מגאפון_מ15
  -> ok

[20/45] מטבעות_מ14
  -> ok

[21/45] מפה_מ03
  -> ok

[22/45] מפתח_מ03
  -> ok

[23/45] מצלמה_זעירה_מ10
  -> ok

[24/45] מצלמה_פלאש_מ12
  -> ok

[25/45] מצנח_בסיס_מ11
  -> ok

[26/45] מצנח_מ01
  -> ok

[27/45] מצפן_מ13
  -> ok

[28/45] משקפת_מ03
  -> ok

[29/45] סולם_חבלים_מ08
  -> ok

[30/45] סנפלינג_מ11
  -> ok

[31/45] סרגל_מ13
  -> ok

[32/45] ערכה_מ06
  -> ok

[33/45] פטיש_מ02
  SKIP: already_approved

[34/45] פנס_עוצמתי_מ05
  SKIP: already_approved

[35/45] פריסקופ_מ07
  -> ok

[36/45] קאטר_מ10
  -> ok

[37/45] קרשים_מ04
  -> ok

[38/45] רב_כלי_מ09
  -> ok

[39/45] רובה_חבלים_מ04
  -> ok

[40/45] רחפן_מ13
  -> ok

[41/45] רשת_מ05
  -> ok

[42/45] רתמה_מ04
  -> ok

[43/45] שמיכה_מ10
  -> ok

[44/45] שמן_מ09
  -> ok

[45/45] תיבה_מ14
  -> ok

=== DONE ===

  -> ok

[38/45] רב_כלי_מ09
  -> ok

[39/45] רובה_חבלים_מ04
  -> ok

[40/45] רחפן_מ13
  -> ok

[41/45] רשת_מ05
  -> ok

[42/45] רתמה_מ04
  -> ok

[43/45] שמיכה_מ10
  -> ok

[44/45] שמן_מ09
  -> ok

[45/45] תיבה_מ14
  -> ok

=== DONE ===
Found 45 prompt JSONs

[1/45] אוהל_מ02
  SKIP: already_approved

[2/45] אופניים_מ06
  SKIP: already_generated

[3/45] בנגי_מ11
  SKIP: already_generated

[4/45] ברזנט_מ02
  SKIP: already_generated

[5/45] גלשן_מ01
  -> ok

[6/45] גריקן_מ06
  SKIP: already_generated

[7/45] דגל_מ07
  -> ok

[8/45] דגל_סיום_מ15
  -> ok

[9/45] זיקוק_מ15
  -> ok

[10/45] חבל_קשרים_מ08
  -> ok

[11/45] טפרי_טיפוס_מ08
  -> ok

[12/45] כדור_בדולח_מ14
  SKIP: already_approved

[13/45] כנפיים_מ01
  -> ok

[14/45] כרטיס_מ12
  -> ok

[15/45] לום_מ07
  -> ok

[16/45] לפיד_יד_מ12
  -> ok

[17/45] לפיד_מ05
  -> ok

[18/45] מבער_מ09
  SKIP: already_approved

[19/45] מגאפון_מ15
  SKIP: already_approved

[20/45] מטבעות_מ14
  SKIP: already_approved

[21/45] מפה_מ03
  -> ok

[22/45] מפתח_מ03
  -> ok

[23/45] מצלמה_זעירה_מ10
  SKIP: already_approved

[24/45] מצלמה_פלאש_מ12
  -> ok

[25/45] מצנח_בסיס_מ11
  -> ok

[26/45] מצנח_מ01
  SKIP: already_approved

[27/45] מצפן_מ13
  SKIP: already_approved

[28/45] משקפת_מ03
  SKIP: already_approved

[29/45] סולם_חבלים_מ08
  -> ok

[30/45] סנפלינג_מ11
  -> ok

[31/45] סרגל_מ13
  -> ok

[32/45] ערכה_מ06
  SKIP: already_approved

[33/45] פטיש_מ02
  SKIP: already_approved

[34/45] פנס_עוצמתי_מ05
  SKIP: already_approved

[35/45] פריסקופ_מ07
  -> ok

[36/45] קאטר_מ10
  -> ok

[37/45] קרשים_מ04
  -> ok

[38/45] רב_כלי_מ09
  SKIP: already_approved

[39/45] רובה_חבלים_מ04
  -> ok

[40/45] רחפן_מ13
  SKIP: already_approved

[41/45] רשת_מ05
  -> ok

[42/45] רתמה_מ04
  -> ok

[43/45] שמיכה_מ10
  -> ok

[44/45] שמן_מ09
  -> ok

[45/45] תיבה_מ14
  SKIP: already_approved

=== DONE ===
