[15:32:01] ============================================================
[15:32:01] DIRECTING PIPELINE — parallel orchestrator started
[15:32:01] missions=['M1', 'M2', 'M3', 'M4', 'M5', 'M6', 'M7', 'M8', 'M9', 'M10', 'M11', 'M12', 'M13', 'M14', 'M15'] max_workers=5
[15:32:01] ============================================================
[15:32:01]    M1 stage 4 skip (already done)
[15:32:01]    M2 stage 4 skip (already done)
[15:32:01]    M3 stage 4 skip (already done)
[15:32:01]    M4 stage 4 skip (already done)
[15:32:01]    M5 stage 4 skip (already done)
[15:32:01]    M6 stage 4 skip (already done)
[15:32:01]    M7 stage 4 skip (already done)
[15:32:01]    M8 stage 4 skip (already done)
[15:32:01]    M9 stage 4 skip (already done)
[15:32:01]    M10 stage 4 skip (already done)
[15:32:01]    M11 stage 4 skip (already done)
[15:32:01]    M12 stage 4 skip (already done)
[15:32:01]    M13 stage 4 skip (already done)
[15:32:01]    M14 stage 4 skip (already done)
[15:32:01]    M15 stage 4 skip (already done)
[15:32:01] === Stage 5 (continuity) sequential chain ===
[15:32:01]    M1 stage 5 skip (already done)
[15:32:01]    M2 stage 5 skip (already done)
[15:32:01]    M3 stage 5 skip (already done)
[15:32:01]    M4 stage 5 skip (already done)
[15:32:01]    M5 stage 5 skip (already done)
[15:32:01]    M6 stage 5 skip (already done)
[15:32:01]    M7 stage 5 skip (already done)
[15:32:01]    M8 stage 5 skip (already done)
[15:32:01]    M9 stage 5 skip (already done)
[15:32:01]    M10 stage 5 skip (already done)
[15:32:01]    M11 stage 5 skip (already done)
[15:32:01]    M12 stage 5 skip (already done)
[15:32:01]    M13 stage 5 skip (already done)
[15:32:01]    M14 stage 5 skip (already done)
[15:32:01]    M15 stage 5 skip (already done)
[15:32:01] === Phase C: per-mission chain 6->7->8->9 (parallel x5) ===
[15:32:01] -> M1 stage 6 (timing)
[15:32:01] -> M2 stage 6 (timing)
[15:32:01] -> M3 stage 6 (timing)
[15:32:01] -> M4 stage 6 (timing)
[15:32:01] -> M5 stage 6 (timing)
[15:32:14] <- M3 stage 6 rc=0 (13s)
[15:32:14] -> M3 stage 7 (interaction)
[15:32:15] <- M5 stage 6 rc=0 (13s)
[15:32:15] -> M5 stage 7 (interaction)
[15:32:15] <- M2 stage 6 rc=0 (13s)
[15:32:15] -> M2 stage 7 (interaction)
[15:32:15] <- M4 stage 6 rc=0 (14s)
[15:32:15] -> M4 stage 7 (interaction)
[15:32:18] <- M1 stage 6 rc=0 (17s)
[15:32:18] -> M1 stage 7 (interaction)
[15:32:28] <- M5 stage 7 rc=0 (13s)
[15:32:28] -> M5 stage 8 (storyboard)
[15:32:30] <- M4 stage 7 rc=0 (14s)
[15:32:30] -> M4 stage 8 (storyboard)
[15:32:30] <- M3 stage 7 rc=0 (15s)
[15:32:30] -> M3 stage 8 (storyboard)
[15:32:31] <- M2 stage 7 rc=0 (16s)
[15:32:31] -> M2 stage 8 (storyboard)
[15:32:34] <- M1 stage 7 rc=0 (15s)
[15:32:34] -> M1 stage 8 (storyboard)
[15:33:01] <- M4 stage 8 rc=0 (31s)
[15:33:01] -> M4 stage 9 (harmony)
[15:33:02] <- M5 stage 8 rc=0 (33s)
[15:33:02] -> M5 stage 9 (harmony)
[15:33:03] <- M2 stage 8 rc=0 (31s)
[15:33:03] -> M2 stage 9 (harmony)
[15:33:04] <- M3 stage 8 rc=0 (33s)
[15:33:04] -> M3 stage 9 (harmony)
[15:33:07] <- M1 stage 8 rc=0 (33s)
[15:33:07] -> M1 stage 9 (harmony)
[15:33:11] <- M4 stage 9 rc=0 (9s)
[15:33:11] -> M6 stage 6 (timing)
[15:33:11] <- M5 stage 9 rc=0 (8s)
[15:33:11] -> M7 stage 6 (timing)
[15:33:12] <- M3 stage 9 rc=0 (7s)
[15:33:12] -> M8 stage 6 (timing)
[15:33:15] <- M2 stage 9 rc=0 (12s)
[15:33:15] -> M9 stage 6 (timing)
[15:33:17] <- M1 stage 9 rc=0 (9s)
[15:33:17]    M10 stage 6 skip (already done)
[15:33:17]    M10 stage 7 skip (already done)
[15:33:17]    M10 stage 8 skip (already done)
[15:33:17]    M10 stage 9 skip (already done)
[15:33:17]    M11 stage 6 skip (already done)
[15:33:17]    M11 stage 7 skip (already done)
[15:33:17]    M11 stage 8 skip (already done)
[15:33:17]    M11 stage 9 skip (already done)
[15:33:17] -> M12 stage 6 (timing)
[15:33:26] <- M7 stage 6 rc=0 (14s)
[15:33:26] -> M7 stage 7 (interaction)
[15:33:26] <- M6 stage 6 rc=0 (15s)
[15:33:26] -> M6 stage 7 (interaction)
[15:33:27] <- M8 stage 6 rc=0 (15s)
[15:33:27] -> M8 stage 7 (interaction)
[15:33:31] <- M12 stage 6 rc=0 (14s)
[15:33:31] -> M12 stage 7 (interaction)
[15:33:33] <- M9 stage 6 rc=0 (17s)
[15:33:33] -> M9 stage 7 (interaction)
[15:33:41] <- M6 stage 7 rc=0 (14s)
[15:33:41] -> M6 stage 8 (storyboard)
[15:33:41] <- M7 stage 7 rc=0 (15s)
[15:33:41] -> M7 stage 8 (storyboard)
[15:33:42] <- M8 stage 7 rc=0 (14s)
[15:33:42] -> M8 stage 8 (storyboard)
[15:33:46] <- M12 stage 7 rc=0 (15s)
[15:33:46] -> M12 stage 8 (storyboard)
[15:33:47] <- M9 stage 7 rc=0 (13s)
[15:33:47] -> M9 stage 8 (storyboard)
[15:34:15] <- M7 stage 8 rc=0 (34s)
[15:34:15] -> M7 stage 9 (harmony)
[15:34:18] <- M6 stage 8 rc=0 (36s)
[15:34:18] -> M6 stage 9 (harmony)
[15:34:21] <- M12 stage 8 rc=0 (34s)
[15:34:21] -> M12 stage 9 (harmony)
[15:34:22] <- M9 stage 8 rc=0 (35s)
[15:34:22] -> M9 stage 9 (harmony)
[15:34:23] <- M7 stage 9 rc=0 (8s)
[15:34:23]    M13 stage 6 skip (already done)
[15:34:23]    M13 stage 7 skip (already done)
[15:34:23]    M13 stage 8 skip (already done)
[15:34:23]    M13 stage 9 skip (already done)
[15:34:23]    M14 stage 6 skip (already done)
[15:34:23]    M14 stage 7 skip (already done)
[15:34:23]    M14 stage 8 skip (already done)
[15:34:23]    M14 stage 9 skip (already done)
[15:34:23]    M15 stage 6 skip (already done)
[15:34:23]    M15 stage 7 skip (already done)
[15:34:23]    M15 stage 8 skip (already done)
[15:34:23]    M15 stage 9 skip (already done)
[15:34:24] <- M8 stage 8 rc=0 (42s)
[15:34:24] -> M8 stage 9 (harmony)
[15:34:27] <- M6 stage 9 rc=0 (9s)
[15:34:30] <- M12 stage 9 rc=0 (9s)
[15:34:36] <- M9 stage 9 rc=0 (13s)
[15:34:43] <- M8 stage 9 rc=1 (18s)
[15:34:43] !! M8 chain BROKE at stage 9 rc=1
[15:34:43] DONE in 162s. harmony PASS=12 FAIL=3
[15:34:43]   M1: PASS
[15:34:43]   M2: FAIL
[15:34:43]   M3: PASS
[15:34:43]   M4: PASS
[15:34:43]   M5: PASS
[15:34:43]   M6: PASS
[15:34:43]   M7: PASS
[15:34:43]   M8: NO_HARMONY
[15:34:43]   M9: FAIL
[15:34:43]   M10: PASS
[15:34:43]   M11: PASS
[15:34:43]   M12: PASS
[15:34:43]   M13: PASS
[15:34:43]   M14: PASS
[15:34:43]   M15: PASS
